0 verbose cli /usr/local/bin/node /usr/local/bin/npm
1 info using npm@11.6.0
2 info using node@v22.14.0
3 silly config load:file:/usr/local/lib/node_modules/npm/npmrc
4 silly config load:file:/Users/renat/Documents/2gishack/.npmrc
5 silly config load:file:/Users/renat/.npmrc
6 silly config load:file:/usr/local/etc/npmrc
7 verbose title npm run i
8 verbose argv "run" "i"
9 verbose logfile logs-max:10 dir:/Users/renat/Documents/2gishack/.npm-cache/_logs/2025-10-04T11_23_41_838Z-
10 verbose logfile /Users/renat/Documents/2gishack/.npm-cache/_logs/2025-10-04T11_23_41_838Z-debug-0.log
11 silly logfile done cleaning log files
12 verbose stack Error: Missing script: "i"
12 verbose stack
12 verbose stack To see a list of scripts, run:
12 verbose stack   npm run
12 verbose stack     at #run (/usr/local/lib/node_modules/npm/lib/commands/run.js:115:13)
12 verbose stack     at async RunScript.exec (/usr/local/lib/node_modules/npm/lib/commands/run.js:44:7)
12 verbose stack     at async Npm.exec (/usr/local/lib/node_modules/npm/lib/npm.js:208:9)
12 verbose stack     at async module.exports (/usr/local/lib/node_modules/npm/lib/cli/entry.js:67:5)
13 error Missing script: "i"
13 error
13 error To see a list of scripts, run:
13 error   npm run
14 verbose cwd /Users/renat/Documents/2gishack
15 verbose os Darwin 25.0.0
16 verbose node v22.14.0
17 verbose npm  v11.6.0
18 verbose exit 1
19 verbose code 1
20 error A complete log of this run can be found in: /Users/renat/Documents/2gishack/.npm-cache/_logs/2025-10-04T11_23_41_838Z-debug-0.log
