0 verbose cli /usr/local/bin/node /usr/local/bin/npm
1 info using npm@11.6.0
2 info using node@v22.14.0
3 silly config load:file:/usr/local/lib/node_modules/npm/npmrc
4 silly config load:file:/Users/renat/Documents/2gishack/.npmrc
5 silly config load:file:/Users/renat/.npmrc
6 silly config load:file:/usr/local/etc/npmrc
7 verbose title npm run type-check
8 verbose argv "run" "type-check"
9 verbose logfile logs-max:10 dir:/Users/renat/Documents/2gishack/.npm-cache/_logs/2025-10-04T12_06_00_180Z-
10 verbose logfile /Users/renat/Documents/2gishack/.npm-cache/_logs/2025-10-04T12_06_00_180Z-debug-0.log
11 silly logfile done cleaning log files
12 http fetch GET 200 https://registry.npmjs.org/npm 380ms
13 verbose cwd /Users/renat/Documents/2gishack
14 verbose os Darwin 25.0.0
15 verbose node v22.14.0
16 verbose npm  v11.6.0
17 notice
17 notice New patch version of npm available! 11.6.0 -> 11.6.1
17 notice Changelog: https://github.com/npm/cli/releases/tag/v11.6.1
17 notice To update run: npm install -g npm@11.6.1
17 notice  { force: true, [Symbol(proc-log.meta)]: true }
18 verbose exit 0
19 info ok
